<?xml version="1.0" encoding="UTF-8"?>
<testsuite name="model.FirefighterBoardTest" tests="4" skipped="0" failures="0" errors="0" timestamp="2025-11-14T10:49:10" hostname="EL--BARSA99-PC" time="0.074">
  <properties/>
  <testcase name="testColumnCount()" classname="model.FirefighterBoardTest" time="0.05"/>
  <testcase name="testGetState_afterSet()" classname="model.FirefighterBoardTest" time="0.014"/>
  <testcase name="testRowCount()" classname="model.FirefighterBoardTest" time="0.001"/>
  <testcase name="testStepNumber()" classname="model.FirefighterBoardTest" time="0.006"/>
  <system-out><![CDATA[]]></system-out>
  <system-err><![CDATA[]]></system-err>
</testsuite>
